Determining if the include file malloc/malloc.h exists failed with the following output:
Change Dir: /home/jonathan/dev/llvm-project/CMakeFiles/CMakeTmp

Run Build Command(s):/usr/bin/make -f Makefile cmTC_49445/fast && /usr/bin/make  -f CMakeFiles/cmTC_49445.dir/build.make CMakeFiles/cmTC_49445.dir/build
make[1]: Entering directory '/home/jonathan/dev/llvm-project/CMakeFiles/CMakeTmp'
Building C object CMakeFiles/cmTC_49445.dir/CheckIncludeFile.c.o
/usr/bin/cc   -O3 -DNDEBUG -o CMakeFiles/cmTC_49445.dir/CheckIncludeFile.c.o -c /home/jonathan/dev/llvm-project/CMakeFiles/CMakeTmp/CheckIncludeFile.c
/home/jonathan/dev/llvm-project/CMakeFiles/CMakeTmp/CheckIncludeFile.c:1:10: fatal error: malloc/malloc.h: No such file or directory
    1 | #include <malloc/malloc.h>
      |          ^~~~~~~~~~~~~~~~~
compilation terminated.
make[1]: *** [CMakeFiles/cmTC_49445.dir/build.make:78: CMakeFiles/cmTC_49445.dir/CheckIncludeFile.c.o] Error 1
make[1]: Leaving directory '/home/jonathan/dev/llvm-project/CMakeFiles/CMakeTmp'
make: *** [Makefile:127: cmTC_49445/fast] Error 2



Determining if the include file valgrind/valgrind.h exists failed with the following output:
Change Dir: /home/jonathan/dev/llvm-project/CMakeFiles/CMakeTmp

Run Build Command(s):/usr/bin/make -f Makefile cmTC_30a0c/fast && /usr/bin/make  -f CMakeFiles/cmTC_30a0c.dir/build.make CMakeFiles/cmTC_30a0c.dir/build
make[1]: Entering directory '/home/jonathan/dev/llvm-project/CMakeFiles/CMakeTmp'
Building C object CMakeFiles/cmTC_30a0c.dir/CheckIncludeFile.c.o
/usr/bin/cc   -O3 -DNDEBUG -o CMakeFiles/cmTC_30a0c.dir/CheckIncludeFile.c.o -c /home/jonathan/dev/llvm-project/CMakeFiles/CMakeTmp/CheckIncludeFile.c
/home/jonathan/dev/llvm-project/CMakeFiles/CMakeTmp/CheckIncludeFile.c:1:10: fatal error: valgrind/valgrind.h: No such file or directory
    1 | #include <valgrind/valgrind.h>
      |          ^~~~~~~~~~~~~~~~~~~~~
compilation terminated.
make[1]: *** [CMakeFiles/cmTC_30a0c.dir/build.make:78: CMakeFiles/cmTC_30a0c.dir/CheckIncludeFile.c.o] Error 1
make[1]: Leaving directory '/home/jonathan/dev/llvm-project/CMakeFiles/CMakeTmp'
make: *** [Makefile:127: cmTC_30a0c/fast] Error 2



Performing C SOURCE FILE Test HAVE_BUILTIN_THREAD_POINTER failed with the following output:
Change Dir: /home/jonathan/dev/llvm-project/CMakeFiles/CMakeTmp

Run Build Command(s):/usr/bin/make -f Makefile cmTC_a95be/fast && /usr/bin/make  -f CMakeFiles/cmTC_a95be.dir/build.make CMakeFiles/cmTC_a95be.dir/build
make[1]: Entering directory '/home/jonathan/dev/llvm-project/CMakeFiles/CMakeTmp'
Building C object CMakeFiles/cmTC_a95be.dir/src.c.o
/usr/bin/cc -DHAVE_BUILTIN_THREAD_POINTER  -O3 -DNDEBUG -o CMakeFiles/cmTC_a95be.dir/src.c.o -c /home/jonathan/dev/llvm-project/CMakeFiles/CMakeTmp/src.c
/home/jonathan/dev/llvm-project/CMakeFiles/CMakeTmp/src.c: In function ‘foo’:
/home/jonathan/dev/llvm-project/CMakeFiles/CMakeTmp/src.c:8:18: error: ‘__builtin_thread_pointer’ is not supported on this target
    8 |           return __builtin_thread_pointer();
      |                  ^~~~~~~~~~~~~~~~~~~~~~~~~~
make[1]: *** [CMakeFiles/cmTC_a95be.dir/build.make:78: CMakeFiles/cmTC_a95be.dir/src.c.o] Error 1
make[1]: Leaving directory '/home/jonathan/dev/llvm-project/CMakeFiles/CMakeTmp'
make: *** [Makefile:127: cmTC_a95be/fast] Error 2


Source file was:

        #if __has_attribute(used)
        #define LLVM_ATTRIBUTE_USED __attribute__((__used__))
        #else
        #define LLVM_ATTRIBUTE_USED
        #endif
        LLVM_ATTRIBUTE_USED void *foo() {
          return __builtin_thread_pointer();
        }
        int main(void) { return 0; }
Determining if the include file mach/mach.h exists failed with the following output:
Change Dir: /home/jonathan/dev/llvm-project/CMakeFiles/CMakeTmp

Run Build Command(s):/usr/bin/make -f Makefile cmTC_b8104/fast && /usr/bin/make  -f CMakeFiles/cmTC_b8104.dir/build.make CMakeFiles/cmTC_b8104.dir/build
make[1]: Entering directory '/home/jonathan/dev/llvm-project/CMakeFiles/CMakeTmp'
Building C object CMakeFiles/cmTC_b8104.dir/CheckIncludeFile.c.o
/usr/bin/cc   -O3 -DNDEBUG -o CMakeFiles/cmTC_b8104.dir/CheckIncludeFile.c.o -c /home/jonathan/dev/llvm-project/CMakeFiles/CMakeTmp/CheckIncludeFile.c
/home/jonathan/dev/llvm-project/CMakeFiles/CMakeTmp/CheckIncludeFile.c:1:10: fatal error: mach/mach.h: No such file or directory
    1 | #include <mach/mach.h>
      |          ^~~~~~~~~~~~~
compilation terminated.
make[1]: *** [CMakeFiles/cmTC_b8104.dir/build.make:78: CMakeFiles/cmTC_b8104.dir/CheckIncludeFile.c.o] Error 1
make[1]: Leaving directory '/home/jonathan/dev/llvm-project/CMakeFiles/CMakeTmp'
make: *** [Makefile:127: cmTC_b8104/fast] Error 2



Determining if the include file CrashReporterClient.h exists failed with the following output:
Change Dir: /home/jonathan/dev/llvm-project/CMakeFiles/CMakeTmp

Run Build Command(s):/usr/bin/make -f Makefile cmTC_fa344/fast && /usr/bin/make  -f CMakeFiles/cmTC_fa344.dir/build.make CMakeFiles/cmTC_fa344.dir/build
make[1]: Entering directory '/home/jonathan/dev/llvm-project/CMakeFiles/CMakeTmp'
Building C object CMakeFiles/cmTC_fa344.dir/CheckIncludeFile.c.o
/usr/bin/cc   -O3 -DNDEBUG -o CMakeFiles/cmTC_fa344.dir/CheckIncludeFile.c.o -c /home/jonathan/dev/llvm-project/CMakeFiles/CMakeTmp/CheckIncludeFile.c
/home/jonathan/dev/llvm-project/CMakeFiles/CMakeTmp/CheckIncludeFile.c:1:10: fatal error: CrashReporterClient.h: No such file or directory
    1 | #include <CrashReporterClient.h>
      |          ^~~~~~~~~~~~~~~~~~~~~~~
compilation terminated.
make[1]: *** [CMakeFiles/cmTC_fa344.dir/build.make:78: CMakeFiles/cmTC_fa344.dir/CheckIncludeFile.c.o] Error 1
make[1]: Leaving directory '/home/jonathan/dev/llvm-project/CMakeFiles/CMakeTmp'
make: *** [Makefile:127: cmTC_fa344/fast] Error 2



Determining if the function pfm_initialize exists in the pfm failed with the following output:
Change Dir: /home/jonathan/dev/llvm-project/CMakeFiles/CMakeTmp

Run Build Command(s):/usr/bin/make -f Makefile cmTC_6bc1f/fast && /usr/bin/make  -f CMakeFiles/cmTC_6bc1f.dir/build.make CMakeFiles/cmTC_6bc1f.dir/build
make[1]: Entering directory '/home/jonathan/dev/llvm-project/CMakeFiles/CMakeTmp'
Building C object CMakeFiles/cmTC_6bc1f.dir/CheckFunctionExists.c.o
/usr/bin/cc   -DCHECK_FUNCTION_EXISTS=pfm_initialize -O3 -DNDEBUG -o CMakeFiles/cmTC_6bc1f.dir/CheckFunctionExists.c.o -c /opt/cmake/share/cmake-3.23/Modules/CheckFunctionExists.c
Linking C executable cmTC_6bc1f
/opt/cmake/bin/cmake -E cmake_link_script CMakeFiles/cmTC_6bc1f.dir/link.txt --verbose=1
/usr/bin/cc  -DCHECK_FUNCTION_EXISTS=pfm_initialize -O3 -DNDEBUG CMakeFiles/cmTC_6bc1f.dir/CheckFunctionExists.c.o -o cmTC_6bc1f  -lpfm -lm 
/usr/bin/ld: cannot find -lpfm
collect2: error: ld returned 1 exit status
make[1]: *** [CMakeFiles/cmTC_6bc1f.dir/build.make:99: cmTC_6bc1f] Error 1
make[1]: Leaving directory '/home/jonathan/dev/llvm-project/CMakeFiles/CMakeTmp'
make: *** [Makefile:127: cmTC_6bc1f/fast] Error 2



Performing C SOURCE FILE Test CMAKE_HAVE_LIBC_PTHREAD failed with the following output:
Change Dir: /home/jonathan/dev/llvm-project/CMakeFiles/CMakeTmp

Run Build Command(s):/usr/bin/make -f Makefile cmTC_764e3/fast && /usr/bin/make  -f CMakeFiles/cmTC_764e3.dir/build.make CMakeFiles/cmTC_764e3.dir/build
make[1]: Entering directory '/home/jonathan/dev/llvm-project/CMakeFiles/CMakeTmp'
Building C object CMakeFiles/cmTC_764e3.dir/src.c.o
/usr/bin/cc -DCMAKE_HAVE_LIBC_PTHREAD  -O3 -DNDEBUG -o CMakeFiles/cmTC_764e3.dir/src.c.o -c /home/jonathan/dev/llvm-project/CMakeFiles/CMakeTmp/src.c
Linking C executable cmTC_764e3
/opt/cmake/bin/cmake -E cmake_link_script CMakeFiles/cmTC_764e3.dir/link.txt --verbose=1
/usr/bin/cc -O3 -DNDEBUG CMakeFiles/cmTC_764e3.dir/src.c.o -o cmTC_764e3  -lm 
/usr/bin/ld: CMakeFiles/cmTC_764e3.dir/src.c.o: in function `main':
src.c:(.text.startup+0x29): undefined reference to `pthread_create'
/usr/bin/ld: src.c:(.text.startup+0x32): undefined reference to `pthread_detach'
/usr/bin/ld: src.c:(.text.startup+0x3b): undefined reference to `pthread_cancel'
/usr/bin/ld: src.c:(.text.startup+0x46): undefined reference to `pthread_join'
collect2: error: ld returned 1 exit status
make[1]: *** [CMakeFiles/cmTC_764e3.dir/build.make:99: cmTC_764e3] Error 1
make[1]: Leaving directory '/home/jonathan/dev/llvm-project/CMakeFiles/CMakeTmp'
make: *** [Makefile:127: cmTC_764e3/fast] Error 2


Source file was:
#include <pthread.h>

static void* test_func(void* data)
{
  return data;
}

int main(void)
{
  pthread_t thread;
  pthread_create(&thread, NULL, test_func, NULL);
  pthread_detach(thread);
  pthread_cancel(thread);
  pthread_join(thread, NULL);
  pthread_atfork(NULL, NULL, NULL);
  pthread_exit(NULL);

  return 0;
}

Determining if the function pthread_create exists in the pthreads failed with the following output:
Change Dir: /home/jonathan/dev/llvm-project/CMakeFiles/CMakeTmp

Run Build Command(s):/usr/bin/make -f Makefile cmTC_243d8/fast && /usr/bin/make  -f CMakeFiles/cmTC_243d8.dir/build.make CMakeFiles/cmTC_243d8.dir/build
make[1]: Entering directory '/home/jonathan/dev/llvm-project/CMakeFiles/CMakeTmp'
Building C object CMakeFiles/cmTC_243d8.dir/CheckFunctionExists.c.o
/usr/bin/cc   -DCHECK_FUNCTION_EXISTS=pthread_create -O3 -DNDEBUG -o CMakeFiles/cmTC_243d8.dir/CheckFunctionExists.c.o -c /opt/cmake/share/cmake-3.23/Modules/CheckFunctionExists.c
Linking C executable cmTC_243d8
/opt/cmake/bin/cmake -E cmake_link_script CMakeFiles/cmTC_243d8.dir/link.txt --verbose=1
/usr/bin/cc  -DCHECK_FUNCTION_EXISTS=pthread_create -O3 -DNDEBUG CMakeFiles/cmTC_243d8.dir/CheckFunctionExists.c.o -o cmTC_243d8  -lpthreads -lm 
/usr/bin/ld: cannot find -lpthreads
collect2: error: ld returned 1 exit status
make[1]: *** [CMakeFiles/cmTC_243d8.dir/build.make:99: cmTC_243d8] Error 1
make[1]: Leaving directory '/home/jonathan/dev/llvm-project/CMakeFiles/CMakeTmp'
make: *** [Makefile:127: cmTC_243d8/fast] Error 2



Determining if the arc4random exist failed with the following output:
Change Dir: /home/jonathan/dev/llvm-project/CMakeFiles/CMakeTmp

Run Build Command(s):/usr/bin/make -f Makefile cmTC_fed1e/fast && /usr/bin/make  -f CMakeFiles/cmTC_fed1e.dir/build.make CMakeFiles/cmTC_fed1e.dir/build
make[1]: Entering directory '/home/jonathan/dev/llvm-project/CMakeFiles/CMakeTmp'
Building C object CMakeFiles/cmTC_fed1e.dir/CheckSymbolExists.c.o
/usr/bin/cc   -O3 -DNDEBUG -o CMakeFiles/cmTC_fed1e.dir/CheckSymbolExists.c.o -c /home/jonathan/dev/llvm-project/CMakeFiles/CMakeTmp/CheckSymbolExists.c
/home/jonathan/dev/llvm-project/CMakeFiles/CMakeTmp/CheckSymbolExists.c: In function ‘main’:
/home/jonathan/dev/llvm-project/CMakeFiles/CMakeTmp/CheckSymbolExists.c:8:19: error: ‘arc4random’ undeclared (first use in this function); did you mean ‘srandom’?
    8 |   return ((int*)(&arc4random))[argc];
      |                   ^~~~~~~~~~
      |                   srandom
/home/jonathan/dev/llvm-project/CMakeFiles/CMakeTmp/CheckSymbolExists.c:8:19: note: each undeclared identifier is reported only once for each function it appears in
make[1]: *** [CMakeFiles/cmTC_fed1e.dir/build.make:78: CMakeFiles/cmTC_fed1e.dir/CheckSymbolExists.c.o] Error 1
make[1]: Leaving directory '/home/jonathan/dev/llvm-project/CMakeFiles/CMakeTmp'
make: *** [Makefile:127: cmTC_fed1e/fast] Error 2


File /home/jonathan/dev/llvm-project/CMakeFiles/CMakeTmp/CheckSymbolExists.c:
/* */
#include <stdlib.h>

int main(int argc, char** argv)
{
  (void)argv;
#ifndef arc4random
  return ((int*)(&arc4random))[argc];
#else
  (void)argc;
  return 0;
#endif
}
Performing C SOURCE FILE Test C_SUPPORTS_WERROR_UNGUARDED_AVAILABILITY_NEW failed with the following output:
Change Dir: /home/jonathan/dev/llvm-project/CMakeFiles/CMakeTmp

Run Build Command(s):/usr/bin/make -f Makefile cmTC_0154c/fast && /usr/bin/make  -f CMakeFiles/cmTC_0154c.dir/build.make CMakeFiles/cmTC_0154c.dir/build
make[1]: Entering directory '/home/jonathan/dev/llvm-project/CMakeFiles/CMakeTmp'
Building C object CMakeFiles/cmTC_0154c.dir/src.c.o
/usr/bin/cc -DC_SUPPORTS_WERROR_UNGUARDED_AVAILABILITY_NEW  -O3 -DNDEBUG   -Werror=unguarded-availability-new -o CMakeFiles/cmTC_0154c.dir/src.c.o -c /home/jonathan/dev/llvm-project/CMakeFiles/CMakeTmp/src.c
cc1: error: '-Werror=unguarded-availability-new': no option -Wunguarded-availability-new
make[1]: *** [CMakeFiles/cmTC_0154c.dir/build.make:78: CMakeFiles/cmTC_0154c.dir/src.c.o] Error 1
make[1]: Leaving directory '/home/jonathan/dev/llvm-project/CMakeFiles/CMakeTmp'
make: *** [Makefile:127: cmTC_0154c/fast] Error 2


Source file was:
int main(void) { return 0; }
Determining if the __unw_add_dynamic_fde exist failed with the following output:
Change Dir: /home/jonathan/dev/llvm-project/CMakeFiles/CMakeTmp

Run Build Command(s):/usr/bin/make -f Makefile cmTC_e0259/fast && /usr/bin/make  -f CMakeFiles/cmTC_e0259.dir/build.make CMakeFiles/cmTC_e0259.dir/build
make[1]: Entering directory '/home/jonathan/dev/llvm-project/CMakeFiles/CMakeTmp'
Building C object CMakeFiles/cmTC_e0259.dir/CheckSymbolExists.c.o
/usr/bin/cc   -O3 -DNDEBUG -o CMakeFiles/cmTC_e0259.dir/CheckSymbolExists.c.o -c /home/jonathan/dev/llvm-project/CMakeFiles/CMakeTmp/CheckSymbolExists.c
Linking C executable cmTC_e0259
/opt/cmake/bin/cmake -E cmake_link_script CMakeFiles/cmTC_e0259.dir/link.txt --verbose=1
/usr/bin/cc -O3 -DNDEBUG CMakeFiles/cmTC_e0259.dir/CheckSymbolExists.c.o -o cmTC_e0259  -lm 
/usr/bin/ld: CMakeFiles/cmTC_e0259.dir/CheckSymbolExists.c.o: in function `main':
CheckSymbolExists.c:(.text.startup+0x7): undefined reference to `__unw_add_dynamic_fde'
collect2: error: ld returned 1 exit status
make[1]: *** [CMakeFiles/cmTC_e0259.dir/build.make:99: cmTC_e0259] Error 1
make[1]: Leaving directory '/home/jonathan/dev/llvm-project/CMakeFiles/CMakeTmp'
make: *** [Makefile:127: cmTC_e0259/fast] Error 2


File /home/jonathan/dev/llvm-project/CMakeFiles/CMakeTmp/CheckSymbolExists.c:
/* */
#include </home/jonathan/dev/llvm-project/llvm/cmake/unwind.h>

int main(int argc, char** argv)
{
  (void)argv;
#ifndef __unw_add_dynamic_fde
  return ((int*)(&__unw_add_dynamic_fde))[argc];
#else
  (void)argc;
  return 0;
#endif
}
Determining if the mallctl exist failed with the following output:
Change Dir: /home/jonathan/dev/llvm-project/CMakeFiles/CMakeTmp

Run Build Command(s):/usr/bin/make -f Makefile cmTC_3f993/fast && /usr/bin/make  -f CMakeFiles/cmTC_3f993.dir/build.make CMakeFiles/cmTC_3f993.dir/build
make[1]: Entering directory '/home/jonathan/dev/llvm-project/CMakeFiles/CMakeTmp'
Building C object CMakeFiles/cmTC_3f993.dir/CheckSymbolExists.c.o
/usr/bin/cc   -O3 -DNDEBUG -o CMakeFiles/cmTC_3f993.dir/CheckSymbolExists.c.o -c /home/jonathan/dev/llvm-project/CMakeFiles/CMakeTmp/CheckSymbolExists.c
/home/jonathan/dev/llvm-project/CMakeFiles/CMakeTmp/CheckSymbolExists.c:2:10: fatal error: malloc_np.h: No such file or directory
    2 | #include <malloc_np.h>
      |          ^~~~~~~~~~~~~
compilation terminated.
make[1]: *** [CMakeFiles/cmTC_3f993.dir/build.make:78: CMakeFiles/cmTC_3f993.dir/CheckSymbolExists.c.o] Error 1
make[1]: Leaving directory '/home/jonathan/dev/llvm-project/CMakeFiles/CMakeTmp'
make: *** [Makefile:127: cmTC_3f993/fast] Error 2


File /home/jonathan/dev/llvm-project/CMakeFiles/CMakeTmp/CheckSymbolExists.c:
/* */
#include <malloc_np.h>

int main(int argc, char** argv)
{
  (void)argv;
#ifndef mallctl
  return ((int*)(&mallctl))[argc];
#else
  (void)argc;
  return 0;
#endif
}
Determining if the mallinfo2 exist failed with the following output:
Change Dir: /home/jonathan/dev/llvm-project/CMakeFiles/CMakeTmp

Run Build Command(s):/usr/bin/make -f Makefile cmTC_280b8/fast && /usr/bin/make  -f CMakeFiles/cmTC_280b8.dir/build.make CMakeFiles/cmTC_280b8.dir/build
make[1]: Entering directory '/home/jonathan/dev/llvm-project/CMakeFiles/CMakeTmp'
Building C object CMakeFiles/cmTC_280b8.dir/CheckSymbolExists.c.o
/usr/bin/cc   -O3 -DNDEBUG -o CMakeFiles/cmTC_280b8.dir/CheckSymbolExists.c.o -c /home/jonathan/dev/llvm-project/CMakeFiles/CMakeTmp/CheckSymbolExists.c
/home/jonathan/dev/llvm-project/CMakeFiles/CMakeTmp/CheckSymbolExists.c: In function ‘main’:
/home/jonathan/dev/llvm-project/CMakeFiles/CMakeTmp/CheckSymbolExists.c:8:19: error: ‘mallinfo2’ undeclared (first use in this function); did you mean ‘mallinfo’?
    8 |   return ((int*)(&mallinfo2))[argc];
      |                   ^~~~~~~~~
      |                   mallinfo
/home/jonathan/dev/llvm-project/CMakeFiles/CMakeTmp/CheckSymbolExists.c:8:19: note: each undeclared identifier is reported only once for each function it appears in
make[1]: *** [CMakeFiles/cmTC_280b8.dir/build.make:78: CMakeFiles/cmTC_280b8.dir/CheckSymbolExists.c.o] Error 1
make[1]: Leaving directory '/home/jonathan/dev/llvm-project/CMakeFiles/CMakeTmp'
make: *** [Makefile:127: cmTC_280b8/fast] Error 2


File /home/jonathan/dev/llvm-project/CMakeFiles/CMakeTmp/CheckSymbolExists.c:
/* */
#include <malloc.h>

int main(int argc, char** argv)
{
  (void)argv;
#ifndef mallinfo2
  return ((int*)(&mallinfo2))[argc];
#else
  (void)argc;
  return 0;
#endif
}
Determining if the malloc_zone_statistics exist failed with the following output:
Change Dir: /home/jonathan/dev/llvm-project/CMakeFiles/CMakeTmp

Run Build Command(s):/usr/bin/make -f Makefile cmTC_31e4a/fast && /usr/bin/make  -f CMakeFiles/cmTC_31e4a.dir/build.make CMakeFiles/cmTC_31e4a.dir/build
make[1]: Entering directory '/home/jonathan/dev/llvm-project/CMakeFiles/CMakeTmp'
Building C object CMakeFiles/cmTC_31e4a.dir/CheckSymbolExists.c.o
/usr/bin/cc   -O3 -DNDEBUG -o CMakeFiles/cmTC_31e4a.dir/CheckSymbolExists.c.o -c /home/jonathan/dev/llvm-project/CMakeFiles/CMakeTmp/CheckSymbolExists.c
/home/jonathan/dev/llvm-project/CMakeFiles/CMakeTmp/CheckSymbolExists.c:2:10: fatal error: malloc/malloc.h: No such file or directory
    2 | #include <malloc/malloc.h>
      |          ^~~~~~~~~~~~~~~~~
compilation terminated.
make[1]: *** [CMakeFiles/cmTC_31e4a.dir/build.make:78: CMakeFiles/cmTC_31e4a.dir/CheckSymbolExists.c.o] Error 1
make[1]: Leaving directory '/home/jonathan/dev/llvm-project/CMakeFiles/CMakeTmp'
make: *** [Makefile:127: cmTC_31e4a/fast] Error 2


File /home/jonathan/dev/llvm-project/CMakeFiles/CMakeTmp/CheckSymbolExists.c:
/* */
#include <malloc/malloc.h>

int main(int argc, char** argv)
{
  (void)argv;
#ifndef malloc_zone_statistics
  return ((int*)(&malloc_zone_statistics))[argc];
#else
  (void)argc;
  return 0;
#endif
}
Determining if the strerror_s exist failed with the following output:
Change Dir: /home/jonathan/dev/llvm-project/CMakeFiles/CMakeTmp

Run Build Command(s):/usr/bin/make -f Makefile cmTC_f590c/fast && /usr/bin/make  -f CMakeFiles/cmTC_f590c.dir/build.make CMakeFiles/cmTC_f590c.dir/build
make[1]: Entering directory '/home/jonathan/dev/llvm-project/CMakeFiles/CMakeTmp'
Building C object CMakeFiles/cmTC_f590c.dir/CheckSymbolExists.c.o
/usr/bin/cc   -O3 -DNDEBUG -o CMakeFiles/cmTC_f590c.dir/CheckSymbolExists.c.o -c /home/jonathan/dev/llvm-project/CMakeFiles/CMakeTmp/CheckSymbolExists.c
/home/jonathan/dev/llvm-project/CMakeFiles/CMakeTmp/CheckSymbolExists.c: In function ‘main’:
/home/jonathan/dev/llvm-project/CMakeFiles/CMakeTmp/CheckSymbolExists.c:8:19: error: ‘strerror_s’ undeclared (first use in this function); did you mean ‘strerror_l’?
    8 |   return ((int*)(&strerror_s))[argc];
      |                   ^~~~~~~~~~
      |                   strerror_l
/home/jonathan/dev/llvm-project/CMakeFiles/CMakeTmp/CheckSymbolExists.c:8:19: note: each undeclared identifier is reported only once for each function it appears in
make[1]: *** [CMakeFiles/cmTC_f590c.dir/build.make:78: CMakeFiles/cmTC_f590c.dir/CheckSymbolExists.c.o] Error 1
make[1]: Leaving directory '/home/jonathan/dev/llvm-project/CMakeFiles/CMakeTmp'
make: *** [Makefile:127: cmTC_f590c/fast] Error 2


File /home/jonathan/dev/llvm-project/CMakeFiles/CMakeTmp/CheckSymbolExists.c:
/* */
#include <string.h>

int main(int argc, char** argv)
{
  (void)argv;
#ifndef strerror_s
  return ((int*)(&strerror_s))[argc];
#else
  (void)argc;
  return 0;
#endif
}
Performing C SOURCE FILE Test HAVE_STRUCT_STAT_ST_MTIMESPEC_TV_NSEC failed with the following output:
Change Dir: /home/jonathan/dev/llvm-project/CMakeFiles/CMakeTmp

Run Build Command(s):/usr/bin/make -f Makefile cmTC_4fd31/fast && /usr/bin/make  -f CMakeFiles/cmTC_4fd31.dir/build.make CMakeFiles/cmTC_4fd31.dir/build
make[1]: Entering directory '/home/jonathan/dev/llvm-project/CMakeFiles/CMakeTmp'
Building C object CMakeFiles/cmTC_4fd31.dir/src.c.o
/usr/bin/cc -DHAVE_STRUCT_STAT_ST_MTIMESPEC_TV_NSEC  -O3 -DNDEBUG -o CMakeFiles/cmTC_4fd31.dir/src.c.o -c /home/jonathan/dev/llvm-project/CMakeFiles/CMakeTmp/src.c
/home/jonathan/dev/llvm-project/CMakeFiles/CMakeTmp/src.c: In function ‘main’:
/home/jonathan/dev/llvm-project/CMakeFiles/CMakeTmp/src.c:7:34: error: ‘struct stat’ has no member named ‘st_mtimespec’
    7 |   (void)sizeof(((struct stat *)0)->st_mtimespec.tv_nsec);
      |                                  ^~
make[1]: *** [CMakeFiles/cmTC_4fd31.dir/build.make:78: CMakeFiles/cmTC_4fd31.dir/src.c.o] Error 1
make[1]: Leaving directory '/home/jonathan/dev/llvm-project/CMakeFiles/CMakeTmp'
make: *** [Makefile:127: cmTC_4fd31/fast] Error 2


Source file was:

#include <sys/types.h>
#include <sys/stat.h>

int main()
{
  (void)sizeof(((struct stat *)0)->st_mtimespec.tv_nsec);
  return 0;
}

Determining if the proc_pid_rusage exist failed with the following output:
Change Dir: /home/jonathan/dev/llvm-project/CMakeFiles/CMakeTmp

Run Build Command(s):/usr/bin/make -f Makefile cmTC_cdbc9/fast && /usr/bin/make  -f CMakeFiles/cmTC_cdbc9.dir/build.make CMakeFiles/cmTC_cdbc9.dir/build
make[1]: Entering directory '/home/jonathan/dev/llvm-project/CMakeFiles/CMakeTmp'
Building C object CMakeFiles/cmTC_cdbc9.dir/CheckSymbolExists.c.o
/usr/bin/cc -D_GNU_SOURCE  -O3 -DNDEBUG -o CMakeFiles/cmTC_cdbc9.dir/CheckSymbolExists.c.o -c /home/jonathan/dev/llvm-project/CMakeFiles/CMakeTmp/CheckSymbolExists.c
/home/jonathan/dev/llvm-project/CMakeFiles/CMakeTmp/CheckSymbolExists.c:2:10: fatal error: libproc.h: No such file or directory
    2 | #include <libproc.h>
      |          ^~~~~~~~~~~
compilation terminated.
make[1]: *** [CMakeFiles/cmTC_cdbc9.dir/build.make:78: CMakeFiles/cmTC_cdbc9.dir/CheckSymbolExists.c.o] Error 1
make[1]: Leaving directory '/home/jonathan/dev/llvm-project/CMakeFiles/CMakeTmp'
make: *** [Makefile:127: cmTC_cdbc9/fast] Error 2


File /home/jonathan/dev/llvm-project/CMakeFiles/CMakeTmp/CheckSymbolExists.c:
/* */
#include <libproc.h>

int main(int argc, char** argv)
{
  (void)argv;
#ifndef proc_pid_rusage
  return ((int*)(&proc_pid_rusage))[argc];
#else
  (void)argc;
  return 0;
#endif
}
Performing C++ SOURCE FILE Test SUPPORTS_GNU_ZERO_VARIADIC_MACRO_ARGUMENTS_FLAG failed with the following output:
Change Dir: /home/jonathan/dev/llvm-project/CMakeFiles/CMakeTmp

Run Build Command(s):/usr/bin/make -f Makefile cmTC_25df8/fast && /usr/bin/make  -f CMakeFiles/cmTC_25df8.dir/build.make CMakeFiles/cmTC_25df8.dir/build
make[1]: Entering directory '/home/jonathan/dev/llvm-project/CMakeFiles/CMakeTmp'
Building CXX object CMakeFiles/cmTC_25df8.dir/src.cxx.o
/usr/bin/c++ -DSUPPORTS_GNU_ZERO_VARIADIC_MACRO_ARGUMENTS_FLAG  -O3 -DNDEBUG   -Wgnu-zero-variadic-macro-arguments -std=c++17 -o CMakeFiles/cmTC_25df8.dir/src.cxx.o -c /home/jonathan/dev/llvm-project/CMakeFiles/CMakeTmp/src.cxx
c++: error: unrecognized command line option '-Wgnu-zero-variadic-macro-arguments'
make[1]: *** [CMakeFiles/cmTC_25df8.dir/build.make:78: CMakeFiles/cmTC_25df8.dir/src.cxx.o] Error 1
make[1]: Leaving directory '/home/jonathan/dev/llvm-project/CMakeFiles/CMakeTmp'
make: *** [Makefile:127: cmTC_25df8/fast] Error 2


Source file was:
int main() { return 0; }
Performing C++ SOURCE FILE Test CXX_SUPPORTS_WERROR_UNGUARDED_AVAILABILITY_NEW failed with the following output:
Change Dir: /home/jonathan/dev/llvm-project/CMakeFiles/CMakeTmp

Run Build Command(s):/usr/bin/make -f Makefile cmTC_4bb9b/fast && /usr/bin/make  -f CMakeFiles/cmTC_4bb9b.dir/build.make CMakeFiles/cmTC_4bb9b.dir/build
make[1]: Entering directory '/home/jonathan/dev/llvm-project/CMakeFiles/CMakeTmp'
Building CXX object CMakeFiles/cmTC_4bb9b.dir/src.cxx.o
/usr/bin/c++ -DCXX_SUPPORTS_WERROR_UNGUARDED_AVAILABILITY_NEW  -fPIC -fno-semantic-interposition -fvisibility-inlines-hidden -Werror=date-time  -O3 -DNDEBUG   -Werror -Werror=unguarded-availability-new -std=c++17 -o CMakeFiles/cmTC_4bb9b.dir/src.cxx.o -c /home/jonathan/dev/llvm-project/CMakeFiles/CMakeTmp/src.cxx
cc1plus: error: '-Werror=unguarded-availability-new': no option -Wunguarded-availability-new
make[1]: *** [CMakeFiles/cmTC_4bb9b.dir/build.make:78: CMakeFiles/cmTC_4bb9b.dir/src.cxx.o] Error 1
make[1]: Leaving directory '/home/jonathan/dev/llvm-project/CMakeFiles/CMakeTmp'
make: *** [Makefile:127: cmTC_4bb9b/fast] Error 2


Source file was:
int main() { return 0; }
Performing C SOURCE FILE Test C_SUPPORTS_CXX98_COMPAT_EXTRA_SEMI_FLAG failed with the following output:
Change Dir: /home/jonathan/dev/llvm-project/CMakeFiles/CMakeTmp

Run Build Command(s):/usr/bin/make -f Makefile cmTC_aff1b/fast && /usr/bin/make  -f CMakeFiles/cmTC_aff1b.dir/build.make CMakeFiles/cmTC_aff1b.dir/build
make[1]: Entering directory '/home/jonathan/dev/llvm-project/CMakeFiles/CMakeTmp'
Building C object CMakeFiles/cmTC_aff1b.dir/src.c.o
/usr/bin/cc -DC_SUPPORTS_CXX98_COMPAT_EXTRA_SEMI_FLAG  -fPIC -fno-semantic-interposition -Werror=date-time -fno-lifetime-dse -Wall -Wextra -Wno-unused-parameter -Wwrite-strings -Wcast-qual -Wno-missing-field-initializers -pedantic -Wno-long-long  -O3 -DNDEBUG   -Werror -Wc++98-compat-extra-semi -o CMakeFiles/cmTC_aff1b.dir/src.c.o -c /home/jonathan/dev/llvm-project/CMakeFiles/CMakeTmp/src.c
cc: error: unrecognized command line option '-Wc++98-compat-extra-semi'
make[1]: *** [CMakeFiles/cmTC_aff1b.dir/build.make:78: CMakeFiles/cmTC_aff1b.dir/src.c.o] Error 1
make[1]: Leaving directory '/home/jonathan/dev/llvm-project/CMakeFiles/CMakeTmp'
make: *** [Makefile:127: cmTC_aff1b/fast] Error 2


Source file was:
int main(void) { return 0; }
Performing C++ SOURCE FILE Test CXX_SUPPORTS_CXX98_COMPAT_EXTRA_SEMI_FLAG failed with the following output:
Change Dir: /home/jonathan/dev/llvm-project/CMakeFiles/CMakeTmp

Run Build Command(s):/usr/bin/make -f Makefile cmTC_7c0e3/fast && /usr/bin/make  -f CMakeFiles/cmTC_7c0e3.dir/build.make CMakeFiles/cmTC_7c0e3.dir/build
make[1]: Entering directory '/home/jonathan/dev/llvm-project/CMakeFiles/CMakeTmp'
Building CXX object CMakeFiles/cmTC_7c0e3.dir/src.cxx.o
/usr/bin/c++ -DCXX_SUPPORTS_CXX98_COMPAT_EXTRA_SEMI_FLAG  -fPIC -fno-semantic-interposition -fvisibility-inlines-hidden -Werror=date-time -fno-lifetime-dse -Wall -Wextra -Wno-unused-parameter -Wwrite-strings -Wcast-qual -Wno-missing-field-initializers -pedantic -Wno-long-long  -O3 -DNDEBUG   -Werror -Wc++98-compat-extra-semi -std=c++17 -o CMakeFiles/cmTC_7c0e3.dir/src.cxx.o -c /home/jonathan/dev/llvm-project/CMakeFiles/CMakeTmp/src.cxx
c++: error: unrecognized command line option '-Wc++98-compat-extra-semi'
make[1]: *** [CMakeFiles/cmTC_7c0e3.dir/build.make:78: CMakeFiles/cmTC_7c0e3.dir/src.cxx.o] Error 1
make[1]: Leaving directory '/home/jonathan/dev/llvm-project/CMakeFiles/CMakeTmp'
make: *** [Makefile:127: cmTC_7c0e3/fast] Error 2


Source file was:
int main() { return 0; }
Performing C SOURCE FILE Test C_SUPPORTS_COVERED_SWITCH_DEFAULT_FLAG failed with the following output:
Change Dir: /home/jonathan/dev/llvm-project/CMakeFiles/CMakeTmp

Run Build Command(s):/usr/bin/make -f Makefile cmTC_35d0a/fast && /usr/bin/make  -f CMakeFiles/cmTC_35d0a.dir/build.make CMakeFiles/cmTC_35d0a.dir/build
make[1]: Entering directory '/home/jonathan/dev/llvm-project/CMakeFiles/CMakeTmp'
Building C object CMakeFiles/cmTC_35d0a.dir/src.c.o
/usr/bin/cc -DC_SUPPORTS_COVERED_SWITCH_DEFAULT_FLAG  -fPIC -fno-semantic-interposition -Werror=date-time -fno-lifetime-dse -Wall -Wextra -Wno-unused-parameter -Wwrite-strings -Wcast-qual -Wno-missing-field-initializers -pedantic -Wno-long-long -Wimplicit-fallthrough  -O3 -DNDEBUG   -Werror -Wcovered-switch-default -o CMakeFiles/cmTC_35d0a.dir/src.c.o -c /home/jonathan/dev/llvm-project/CMakeFiles/CMakeTmp/src.c
cc: error: unrecognized command line option '-Wcovered-switch-default'; did you mean '-Wno-switch-default'?
make[1]: *** [CMakeFiles/cmTC_35d0a.dir/build.make:78: CMakeFiles/cmTC_35d0a.dir/src.c.o] Error 1
make[1]: Leaving directory '/home/jonathan/dev/llvm-project/CMakeFiles/CMakeTmp'
make: *** [Makefile:127: cmTC_35d0a/fast] Error 2


Source file was:
int main(void) { return 0; }
Performing C++ SOURCE FILE Test CXX_SUPPORTS_COVERED_SWITCH_DEFAULT_FLAG failed with the following output:
Change Dir: /home/jonathan/dev/llvm-project/CMakeFiles/CMakeTmp

Run Build Command(s):/usr/bin/make -f Makefile cmTC_3103d/fast && /usr/bin/make  -f CMakeFiles/cmTC_3103d.dir/build.make CMakeFiles/cmTC_3103d.dir/build
make[1]: Entering directory '/home/jonathan/dev/llvm-project/CMakeFiles/CMakeTmp'
Building CXX object CMakeFiles/cmTC_3103d.dir/src.cxx.o
/usr/bin/c++ -DCXX_SUPPORTS_COVERED_SWITCH_DEFAULT_FLAG  -fPIC -fno-semantic-interposition -fvisibility-inlines-hidden -Werror=date-time -fno-lifetime-dse -Wall -Wextra -Wno-unused-parameter -Wwrite-strings -Wcast-qual -Wno-missing-field-initializers -pedantic -Wno-long-long -Wimplicit-fallthrough  -O3 -DNDEBUG   -Werror -Wcovered-switch-default -std=c++17 -o CMakeFiles/cmTC_3103d.dir/src.cxx.o -c /home/jonathan/dev/llvm-project/CMakeFiles/CMakeTmp/src.cxx
c++: error: unrecognized command line option '-Wcovered-switch-default'; did you mean '-Wno-switch-default'?
make[1]: *** [CMakeFiles/cmTC_3103d.dir/build.make:78: CMakeFiles/cmTC_3103d.dir/src.cxx.o] Error 1
make[1]: Leaving directory '/home/jonathan/dev/llvm-project/CMakeFiles/CMakeTmp'
make: *** [Makefile:127: cmTC_3103d/fast] Error 2


Source file was:
int main() { return 0; }
Performing C++ SOURCE FILE Test CXX_WONT_WARN_ON_FINAL_NONVIRTUALDTOR failed with the following output:
Change Dir: /home/jonathan/dev/llvm-project/CMakeFiles/CMakeTmp

Run Build Command(s):/usr/bin/make -f Makefile cmTC_6ace7/fast && /usr/bin/make  -f CMakeFiles/cmTC_6ace7.dir/build.make CMakeFiles/cmTC_6ace7.dir/build
make[1]: Entering directory '/home/jonathan/dev/llvm-project/CMakeFiles/CMakeTmp'
Building CXX object CMakeFiles/cmTC_6ace7.dir/src.cxx.o
/usr/bin/c++ -DCXX_WONT_WARN_ON_FINAL_NONVIRTUALDTOR -D_GNU_SOURCE  -fPIC -fno-semantic-interposition -fvisibility-inlines-hidden -Werror=date-time -fno-lifetime-dse -Wall -Wextra -Wno-unused-parameter -Wwrite-strings -Wcast-qual -Wno-missing-field-initializers -pedantic -Wno-long-long -Wimplicit-fallthrough -Wno-uninitialized -Wno-nonnull -Wno-class-memaccess -Wno-redundant-move -Wno-pessimizing-move -Wno-noexcept-type  -Werror=non-virtual-dtor -O3 -DNDEBUG -std=c++17 -o CMakeFiles/cmTC_6ace7.dir/src.cxx.o -c /home/jonathan/dev/llvm-project/CMakeFiles/CMakeTmp/src.cxx
/home/jonathan/dev/llvm-project/CMakeFiles/CMakeTmp/src.cxx:2:36: error: ‘class base’ has virtual functions and accessible non-virtual destructor [-Werror=non-virtual-dtor]
    2 |                              class base {friend f; public: virtual void anchor();protected: ~base();};
      |                                    ^~~~
cc1plus: some warnings being treated as errors
make[1]: *** [CMakeFiles/cmTC_6ace7.dir/build.make:78: CMakeFiles/cmTC_6ace7.dir/src.cxx.o] Error 1
make[1]: Leaving directory '/home/jonathan/dev/llvm-project/CMakeFiles/CMakeTmp'
make: *** [Makefile:127: cmTC_6ace7/fast] Error 2


Source file was:
class f {};
                             class base {friend f; public: virtual void anchor();protected: ~base();};
                             int main() { return 0; }
Performing C SOURCE FILE Test C_WCOMMENT_ALLOWS_LINE_WRAP failed with the following output:
Change Dir: /home/jonathan/dev/llvm-project/CMakeFiles/CMakeTmp

Run Build Command(s):/usr/bin/make -f Makefile cmTC_e0d65/fast && /usr/bin/make  -f CMakeFiles/cmTC_e0d65.dir/build.make CMakeFiles/cmTC_e0d65.dir/build
make[1]: Entering directory '/home/jonathan/dev/llvm-project/CMakeFiles/CMakeTmp'
Building C object CMakeFiles/cmTC_e0d65.dir/src.c.o
/usr/bin/cc -DC_WCOMMENT_ALLOWS_LINE_WRAP -D_GNU_SOURCE  -fPIC -fno-semantic-interposition -Werror=date-time -fno-lifetime-dse -Wall -Wextra -Wno-unused-parameter -Wwrite-strings -Wcast-qual -Wno-missing-field-initializers -pedantic -Wno-long-long -Wimplicit-fallthrough  -Werror -Wcomment -O3 -DNDEBUG -o CMakeFiles/cmTC_e0d65.dir/src.c.o -c /home/jonathan/dev/llvm-project/CMakeFiles/CMakeTmp/src.c
/home/jonathan/dev/llvm-project/CMakeFiles/CMakeTmp/src.c:1:1: error: multi-line comment [-Werror=comment]
    1 | // \
      | ^
cc1: all warnings being treated as errors
make[1]: *** [CMakeFiles/cmTC_e0d65.dir/build.make:78: CMakeFiles/cmTC_e0d65.dir/src.c.o] Error 1
make[1]: Leaving directory '/home/jonathan/dev/llvm-project/CMakeFiles/CMakeTmp'
make: *** [Makefile:127: cmTC_e0d65/fast] Error 2


Source file was:
// \
//
int main(void) {return 0;}
Performing C SOURCE FILE Test C_SUPPORTS_STRING_CONVERSION_FLAG failed with the following output:
Change Dir: /home/jonathan/dev/llvm-project/CMakeFiles/CMakeTmp

Run Build Command(s):/usr/bin/make -f Makefile cmTC_5ca66/fast && /usr/bin/make  -f CMakeFiles/cmTC_5ca66.dir/build.make CMakeFiles/cmTC_5ca66.dir/build
make[1]: Entering directory '/home/jonathan/dev/llvm-project/CMakeFiles/CMakeTmp'
Building C object CMakeFiles/cmTC_5ca66.dir/src.c.o
/usr/bin/cc -DC_SUPPORTS_STRING_CONVERSION_FLAG  -fPIC -fno-semantic-interposition -Werror=date-time -fno-lifetime-dse -Wall -Wextra -Wno-unused-parameter -Wwrite-strings -Wcast-qual -Wno-missing-field-initializers -pedantic -Wno-long-long -Wimplicit-fallthrough -Wno-comment  -O3 -DNDEBUG   -Werror -Wstring-conversion -o CMakeFiles/cmTC_5ca66.dir/src.c.o -c /home/jonathan/dev/llvm-project/CMakeFiles/CMakeTmp/src.c
cc: error: unrecognized command line option '-Wstring-conversion'; did you mean '-Wsign-conversion'?
make[1]: *** [CMakeFiles/cmTC_5ca66.dir/build.make:78: CMakeFiles/cmTC_5ca66.dir/src.c.o] Error 1
make[1]: Leaving directory '/home/jonathan/dev/llvm-project/CMakeFiles/CMakeTmp'
make: *** [Makefile:127: cmTC_5ca66/fast] Error 2


Source file was:
int main(void) { return 0; }
Performing C++ SOURCE FILE Test CXX_SUPPORTS_STRING_CONVERSION_FLAG failed with the following output:
Change Dir: /home/jonathan/dev/llvm-project/CMakeFiles/CMakeTmp

Run Build Command(s):/usr/bin/make -f Makefile cmTC_ac07a/fast && /usr/bin/make  -f CMakeFiles/cmTC_ac07a.dir/build.make CMakeFiles/cmTC_ac07a.dir/build
make[1]: Entering directory '/home/jonathan/dev/llvm-project/CMakeFiles/CMakeTmp'
Building CXX object CMakeFiles/cmTC_ac07a.dir/src.cxx.o
/usr/bin/c++ -DCXX_SUPPORTS_STRING_CONVERSION_FLAG  -fPIC -fno-semantic-interposition -fvisibility-inlines-hidden -Werror=date-time -fno-lifetime-dse -Wall -Wextra -Wno-unused-parameter -Wwrite-strings -Wcast-qual -Wno-missing-field-initializers -pedantic -Wno-long-long -Wimplicit-fallthrough -Wno-uninitialized -Wno-nonnull -Wno-class-memaccess -Wno-redundant-move -Wno-pessimizing-move -Wno-noexcept-type -Wdelete-non-virtual-dtor -Wsuggest-override -Wno-comment  -O3 -DNDEBUG   -Werror -Wstring-conversion -std=c++17 -o CMakeFiles/cmTC_ac07a.dir/src.cxx.o -c /home/jonathan/dev/llvm-project/CMakeFiles/CMakeTmp/src.cxx
c++: error: unrecognized command line option '-Wstring-conversion'; did you mean '-Wsign-conversion'?
make[1]: *** [CMakeFiles/cmTC_ac07a.dir/build.make:78: CMakeFiles/cmTC_ac07a.dir/src.cxx.o] Error 1
make[1]: Leaving directory '/home/jonathan/dev/llvm-project/CMakeFiles/CMakeTmp'
make: *** [Makefile:127: cmTC_ac07a/fast] Error 2


Source file was:
int main() { return 0; }
Performing C SOURCE FILE Test C_SUPPORTS_CTAD_MAYBE_UNSPPORTED_FLAG failed with the following output:
Change Dir: /home/jonathan/dev/llvm-project/CMakeFiles/CMakeTmp

Run Build Command(s):/usr/bin/make -f Makefile cmTC_934b0/fast && /usr/bin/make  -f CMakeFiles/cmTC_934b0.dir/build.make CMakeFiles/cmTC_934b0.dir/build
make[1]: Entering directory '/home/jonathan/dev/llvm-project/CMakeFiles/CMakeTmp'
Building C object CMakeFiles/cmTC_934b0.dir/src.c.o
/usr/bin/cc -DC_SUPPORTS_CTAD_MAYBE_UNSPPORTED_FLAG  -fPIC -fno-semantic-interposition -Werror=date-time -fno-lifetime-dse -Wall -Wextra -Wno-unused-parameter -Wwrite-strings -Wcast-qual -Wno-missing-field-initializers -pedantic -Wno-long-long -Wimplicit-fallthrough -Wno-comment  -O3 -DNDEBUG   -Werror -Wctad-maybe-unsupported -o CMakeFiles/cmTC_934b0.dir/src.c.o -c /home/jonathan/dev/llvm-project/CMakeFiles/CMakeTmp/src.c
cc: error: unrecognized command line option '-Wctad-maybe-unsupported'
make[1]: *** [CMakeFiles/cmTC_934b0.dir/build.make:78: CMakeFiles/cmTC_934b0.dir/src.c.o] Error 1
make[1]: Leaving directory '/home/jonathan/dev/llvm-project/CMakeFiles/CMakeTmp'
make: *** [Makefile:127: cmTC_934b0/fast] Error 2


Source file was:
int main(void) { return 0; }
Performing C++ SOURCE FILE Test CXX_SUPPORTS_CTAD_MAYBE_UNSPPORTED_FLAG failed with the following output:
Change Dir: /home/jonathan/dev/llvm-project/CMakeFiles/CMakeTmp

Run Build Command(s):/usr/bin/make -f Makefile cmTC_c8cf4/fast && /usr/bin/make  -f CMakeFiles/cmTC_c8cf4.dir/build.make CMakeFiles/cmTC_c8cf4.dir/build
make[1]: Entering directory '/home/jonathan/dev/llvm-project/CMakeFiles/CMakeTmp'
Building CXX object CMakeFiles/cmTC_c8cf4.dir/src.cxx.o
/usr/bin/c++ -DCXX_SUPPORTS_CTAD_MAYBE_UNSPPORTED_FLAG  -fPIC -fno-semantic-interposition -fvisibility-inlines-hidden -Werror=date-time -fno-lifetime-dse -Wall -Wextra -Wno-unused-parameter -Wwrite-strings -Wcast-qual -Wno-missing-field-initializers -pedantic -Wno-long-long -Wimplicit-fallthrough -Wno-uninitialized -Wno-nonnull -Wno-class-memaccess -Wno-redundant-move -Wno-pessimizing-move -Wno-noexcept-type -Wdelete-non-virtual-dtor -Wsuggest-override -Wno-comment -Wno-misleading-indentation  -O3 -DNDEBUG   -Werror -Wctad-maybe-unsupported -std=c++17 -o CMakeFiles/cmTC_c8cf4.dir/src.cxx.o -c /home/jonathan/dev/llvm-project/CMakeFiles/CMakeTmp/src.cxx
c++: error: unrecognized command line option '-Wctad-maybe-unsupported'
make[1]: *** [CMakeFiles/cmTC_c8cf4.dir/build.make:78: CMakeFiles/cmTC_c8cf4.dir/src.cxx.o] Error 1
make[1]: Leaving directory '/home/jonathan/dev/llvm-project/CMakeFiles/CMakeTmp'
make: *** [Makefile:127: cmTC_c8cf4/fast] Error 2


Source file was:
int main() { return 0; }
Determining if the os_signpost_interval_begin exist failed with the following output:
Change Dir: /home/jonathan/dev/llvm-project/CMakeFiles/CMakeTmp

Run Build Command(s):/usr/bin/make -f Makefile cmTC_6210b/fast && /usr/bin/make  -f CMakeFiles/cmTC_6210b.dir/build.make CMakeFiles/cmTC_6210b.dir/build
make[1]: Entering directory '/home/jonathan/dev/llvm-project/CMakeFiles/CMakeTmp'
Building C object CMakeFiles/cmTC_6210b.dir/CheckSymbolExists.c.o
/usr/bin/cc -D_GNU_SOURCE  -fPIC -fno-semantic-interposition -fno-lifetime-dse -Wall -Wextra -Wno-unused-parameter -Wwrite-strings -Wcast-qual -Wno-missing-field-initializers -pedantic -Wno-long-long -Wimplicit-fallthrough -Wno-comment -ffunction-sections -fdata-sections  -O3 -DNDEBUG -o CMakeFiles/cmTC_6210b.dir/CheckSymbolExists.c.o -c /home/jonathan/dev/llvm-project/CMakeFiles/CMakeTmp/CheckSymbolExists.c
/home/jonathan/dev/llvm-project/CMakeFiles/CMakeTmp/CheckSymbolExists.c:2:10: fatal error: os/signpost.h: No such file or directory
    2 | #include <os/signpost.h>
      |          ^~~~~~~~~~~~~~~
compilation terminated.
make[1]: *** [CMakeFiles/cmTC_6210b.dir/build.make:78: CMakeFiles/cmTC_6210b.dir/CheckSymbolExists.c.o] Error 1
make[1]: Leaving directory '/home/jonathan/dev/llvm-project/CMakeFiles/CMakeTmp'
make: *** [Makefile:127: cmTC_6210b/fast] Error 2


File /home/jonathan/dev/llvm-project/CMakeFiles/CMakeTmp/CheckSymbolExists.c:
/* */
#include <os/signpost.h>

int main(int argc, char** argv)
{
  (void)argv;
#ifndef os_signpost_interval_begin
  return ((int*)(&os_signpost_interval_begin))[argc];
#else
  (void)argc;
  return 0;
#endif
}
Performing C++ SOURCE FILE Test HAS_WERROR_GLOBAL_CTORS failed with the following output:
Change Dir: /home/jonathan/dev/llvm-project/CMakeFiles/CMakeTmp

Run Build Command(s):/usr/bin/make -f Makefile cmTC_912a3/fast && /usr/bin/make  -f CMakeFiles/cmTC_912a3.dir/build.make CMakeFiles/cmTC_912a3.dir/build
make[1]: Entering directory '/home/jonathan/dev/llvm-project/CMakeFiles/CMakeTmp'
Building CXX object CMakeFiles/cmTC_912a3.dir/src.cxx.o
/usr/bin/c++ -DHAS_WERROR_GLOBAL_CTORS  -fPIC -fno-semantic-interposition -fvisibility-inlines-hidden -Werror=date-time -fno-lifetime-dse -Wall -Wextra -Wno-unused-parameter -Wwrite-strings -Wcast-qual -Wno-missing-field-initializers -pedantic -Wno-long-long -Wimplicit-fallthrough -Wno-uninitialized -Wno-nonnull -Wno-class-memaccess -Wno-redundant-move -Wno-pessimizing-move -Wno-noexcept-type -Wdelete-non-virtual-dtor -Wsuggest-override -Wno-comment -Wno-misleading-indentation -ffunction-sections -fdata-sections  -O3 -DNDEBUG   -Werror=global-constructors -std=c++17 -o CMakeFiles/cmTC_912a3.dir/src.cxx.o -c /home/jonathan/dev/llvm-project/CMakeFiles/CMakeTmp/src.cxx
cc1plus: error: '-Werror=global-constructors': no option -Wglobal-constructors
make[1]: *** [CMakeFiles/cmTC_912a3.dir/build.make:78: CMakeFiles/cmTC_912a3.dir/src.cxx.o] Error 1
make[1]: Leaving directory '/home/jonathan/dev/llvm-project/CMakeFiles/CMakeTmp'
make: *** [Makefile:127: cmTC_912a3/fast] Error 2


Source file was:
int main() { return 0; }
Performing C++ SOURCE FILE Test CXX_SUPPORTS_NO_NESTED_ANON_TYPES_FLAG failed with the following output:
Change Dir: /home/jonathan/dev/llvm-project/CMakeFiles/CMakeTmp

Run Build Command(s):/usr/bin/make -f Makefile cmTC_d643a/fast && /usr/bin/make  -f CMakeFiles/cmTC_d643a.dir/build.make CMakeFiles/cmTC_d643a.dir/build
make[1]: Entering directory '/home/jonathan/dev/llvm-project/CMakeFiles/CMakeTmp'
Building CXX object CMakeFiles/cmTC_d643a.dir/src.cxx.o
/usr/bin/c++ -DCXX_SUPPORTS_NO_NESTED_ANON_TYPES_FLAG  -fPIC -fno-semantic-interposition -fvisibility-inlines-hidden -Werror=date-time -fno-lifetime-dse -Wall -Wextra -Wno-unused-parameter -Wwrite-strings -Wcast-qual -Wno-missing-field-initializers -pedantic -Wno-long-long -Wimplicit-fallthrough -Wno-uninitialized -Wno-nonnull -Wno-class-memaccess -Wno-redundant-move -Wno-pessimizing-move -Wno-noexcept-type -Wdelete-non-virtual-dtor -Wsuggest-override -Wno-comment -Wno-misleading-indentation -ffunction-sections -fdata-sections -fno-common -Woverloaded-virtual -fno-strict-aliasing  -O3 -DNDEBUG   -Werror -Wnested-anon-types -std=c++17 -o CMakeFiles/cmTC_d643a.dir/src.cxx.o -c /home/jonathan/dev/llvm-project/CMakeFiles/CMakeTmp/src.cxx
c++: error: unrecognized command line option '-Wnested-anon-types'
make[1]: *** [CMakeFiles/cmTC_d643a.dir/build.make:78: CMakeFiles/cmTC_d643a.dir/src.cxx.o] Error 1
make[1]: Leaving directory '/home/jonathan/dev/llvm-project/CMakeFiles/CMakeTmp'
make: *** [Makefile:127: cmTC_d643a/fast] Error 2


Source file was:
int main() { return 0; }
Performing C++ SOURCE FILE Test HAVE_LINKER_FLAG_LONG_PLT failed with the following output:
Change Dir: /home/jonathan/dev/llvm-project/CMakeFiles/CMakeTmp

Run Build Command(s):/usr/bin/make -f Makefile cmTC_6081f/fast && /usr/bin/make  -f CMakeFiles/cmTC_6081f.dir/build.make CMakeFiles/cmTC_6081f.dir/build
make[1]: Entering directory '/home/jonathan/dev/llvm-project/CMakeFiles/CMakeTmp'
Building CXX object CMakeFiles/cmTC_6081f.dir/src.cxx.o
/usr/bin/c++ -DHAVE_LINKER_FLAG_LONG_PLT  -fPIC -fno-semantic-interposition -fvisibility-inlines-hidden -Werror=date-time -fno-lifetime-dse -Wall -Wextra -Wno-unused-parameter -Wwrite-strings -Wcast-qual -Wno-missing-field-initializers -pedantic -Wno-long-long -Wimplicit-fallthrough -Wno-uninitialized -Wno-nonnull -Wno-class-memaccess -Wno-redundant-move -Wno-pessimizing-move -Wno-noexcept-type -Wdelete-non-virtual-dtor -Wsuggest-override -Wno-comment -Wno-misleading-indentation -ffunction-sections -fdata-sections -fno-common -Woverloaded-virtual -fno-strict-aliasing  -O3 -DNDEBUG -std=c++17 -o CMakeFiles/cmTC_6081f.dir/src.cxx.o -c /home/jonathan/dev/llvm-project/CMakeFiles/CMakeTmp/src.cxx
Linking CXX executable cmTC_6081f
/opt/cmake/bin/cmake -E cmake_link_script CMakeFiles/cmTC_6081f.dir/link.txt --verbose=1
/usr/bin/c++  -fPIC -fno-semantic-interposition -fvisibility-inlines-hidden -Werror=date-time -fno-lifetime-dse -Wall -Wextra -Wno-unused-parameter -Wwrite-strings -Wcast-qual -Wno-missing-field-initializers -pedantic -Wno-long-long -Wimplicit-fallthrough -Wno-uninitialized -Wno-nonnull -Wno-class-memaccess -Wno-redundant-move -Wno-pessimizing-move -Wno-noexcept-type -Wdelete-non-virtual-dtor -Wsuggest-override -Wno-comment -Wno-misleading-indentation -ffunction-sections -fdata-sections -fno-common -Woverloaded-virtual -fno-strict-aliasing  -O3 -DNDEBUG -Wl,--long-plt CMakeFiles/cmTC_6081f.dir/src.cxx.o -o cmTC_6081f  -lm 
/usr/bin/ld: unrecognized option '--long-plt'
/usr/bin/ld: use the --help option for usage information
collect2: error: ld returned 1 exit status
make[1]: *** [CMakeFiles/cmTC_6081f.dir/build.make:99: cmTC_6081f] Error 1
make[1]: Leaving directory '/home/jonathan/dev/llvm-project/CMakeFiles/CMakeTmp'
make: *** [Makefile:127: cmTC_6081f/fast] Error 2


Source file was:
int main() { return 0; }
Performing C++ SOURCE FILE Test HAVE_CXX_FLAG_WSHORTEN_64_TO_32 failed with the following output:
Change Dir: /home/jonathan/dev/llvm-project/CMakeFiles/CMakeTmp

Run Build Command(s):/usr/bin/make -f Makefile cmTC_5b0d5/fast && /usr/bin/make  -f CMakeFiles/cmTC_5b0d5.dir/build.make CMakeFiles/cmTC_5b0d5.dir/build
make[1]: Entering directory '/home/jonathan/dev/llvm-project/CMakeFiles/CMakeTmp'
Building CXX object CMakeFiles/cmTC_5b0d5.dir/src.cxx.o
/usr/bin/c++ -DHAVE_CXX_FLAG_WSHORTEN_64_TO_32  -fPIC -fno-semantic-interposition -fvisibility-inlines-hidden -Werror=date-time -fno-lifetime-dse -Wall -Wextra -Wno-unused-parameter -Wwrite-strings -Wcast-qual -Wno-missing-field-initializers -pedantic -Wno-long-long -Wimplicit-fallthrough -Wno-uninitialized -Wno-nonnull -Wno-class-memaccess -Wno-redundant-move -Wno-pessimizing-move -Wno-noexcept-type -Wdelete-non-virtual-dtor -Wsuggest-override -Wno-comment -Wno-misleading-indentation -ffunction-sections -fdata-sections  -Wall  -Wextra  -Wshadow  -Wfloat-equal  -Wold-style-cast  -Wsuggest-override  -pedantic  -pedantic-errors  -Wshorten-64-to-32 -O3 -DNDEBUG   -Wshorten-64-to-32 -std=c++11 -o CMakeFiles/cmTC_5b0d5.dir/src.cxx.o -c /home/jonathan/dev/llvm-project/CMakeFiles/CMakeTmp/src.cxx
c++: error: unrecognized command line option '-Wshorten-64-to-32'
c++: error: unrecognized command line option '-Wshorten-64-to-32'
make[1]: *** [CMakeFiles/cmTC_5b0d5.dir/build.make:78: CMakeFiles/cmTC_5b0d5.dir/src.cxx.o] Error 1
make[1]: Leaving directory '/home/jonathan/dev/llvm-project/CMakeFiles/CMakeTmp'
make: *** [Makefile:127: cmTC_5b0d5/fast] Error 2


Source file was:
int main() { return 0; }
Performing C++ SOURCE FILE Test HAVE_CXX_FLAG_WD654 failed with the following output:
Change Dir: /home/jonathan/dev/llvm-project/CMakeFiles/CMakeTmp

Run Build Command(s):/usr/bin/make -f Makefile cmTC_59a9d/fast && /usr/bin/make  -f CMakeFiles/cmTC_59a9d.dir/build.make CMakeFiles/cmTC_59a9d.dir/build
make[1]: Entering directory '/home/jonathan/dev/llvm-project/CMakeFiles/CMakeTmp'
Building CXX object CMakeFiles/cmTC_59a9d.dir/src.cxx.o
/usr/bin/c++ -DHAVE_CXX_FLAG_WD654  -fPIC -fno-semantic-interposition -fvisibility-inlines-hidden -Werror=date-time -fno-lifetime-dse -Wall -Wextra -Wno-unused-parameter -Wwrite-strings -Wcast-qual -Wno-missing-field-initializers -pedantic -Wno-long-long -Wimplicit-fallthrough -Wno-uninitialized -Wno-nonnull -Wno-class-memaccess -Wno-redundant-move -Wno-pessimizing-move -Wno-noexcept-type -Wdelete-non-virtual-dtor -Wsuggest-override -Wno-comment -Wno-misleading-indentation -ffunction-sections -fdata-sections  -Wall  -Wextra  -Wshadow  -Wfloat-equal  -Wold-style-cast  -Wsuggest-override  -pedantic  -pedantic-errors  -fstrict-aliasing  -Wno-deprecated-declarations  -fno-exceptions  -Wstrict-aliasing  -wd654 -O3 -DNDEBUG   -wd654 -std=c++11 -o CMakeFiles/cmTC_59a9d.dir/src.cxx.o -c /home/jonathan/dev/llvm-project/CMakeFiles/CMakeTmp/src.cxx
c++: error: unrecognized command line option '-wd654'
c++: error: unrecognized command line option '-wd654'
make[1]: *** [CMakeFiles/cmTC_59a9d.dir/build.make:78: CMakeFiles/cmTC_59a9d.dir/src.cxx.o] Error 1
make[1]: Leaving directory '/home/jonathan/dev/llvm-project/CMakeFiles/CMakeTmp'
make: *** [Makefile:127: cmTC_59a9d/fast] Error 2


Source file was:
int main() { return 0; }
Performing C++ SOURCE FILE Test HAVE_CXX_FLAG_WTHREAD_SAFETY failed with the following output:
Change Dir: /home/jonathan/dev/llvm-project/CMakeFiles/CMakeTmp

Run Build Command(s):/usr/bin/make -f Makefile cmTC_3c8e9/fast && /usr/bin/make  -f CMakeFiles/cmTC_3c8e9.dir/build.make CMakeFiles/cmTC_3c8e9.dir/build
make[1]: Entering directory '/home/jonathan/dev/llvm-project/CMakeFiles/CMakeTmp'
Building CXX object CMakeFiles/cmTC_3c8e9.dir/src.cxx.o
/usr/bin/c++ -DHAVE_CXX_FLAG_WTHREAD_SAFETY  -fPIC -fno-semantic-interposition -fvisibility-inlines-hidden -Werror=date-time -fno-lifetime-dse -Wall -Wextra -Wno-unused-parameter -Wwrite-strings -Wcast-qual -Wno-missing-field-initializers -pedantic -Wno-long-long -Wimplicit-fallthrough -Wno-uninitialized -Wno-nonnull -Wno-class-memaccess -Wno-redundant-move -Wno-pessimizing-move -Wno-noexcept-type -Wdelete-non-virtual-dtor -Wsuggest-override -Wno-comment -Wno-misleading-indentation -ffunction-sections -fdata-sections  -Wall  -Wextra  -Wshadow  -Wfloat-equal  -Wold-style-cast  -Wsuggest-override  -pedantic  -pedantic-errors  -fstrict-aliasing  -Wno-deprecated-declarations  -fno-exceptions  -Wstrict-aliasing  -Wthread-safety -O3 -DNDEBUG   -Wthread-safety -std=c++11 -o CMakeFiles/cmTC_3c8e9.dir/src.cxx.o -c /home/jonathan/dev/llvm-project/CMakeFiles/CMakeTmp/src.cxx
c++: error: unrecognized command line option '-Wthread-safety'
c++: error: unrecognized command line option '-Wthread-safety'
make[1]: *** [CMakeFiles/cmTC_3c8e9.dir/build.make:78: CMakeFiles/cmTC_3c8e9.dir/src.cxx.o] Error 1
make[1]: Leaving directory '/home/jonathan/dev/llvm-project/CMakeFiles/CMakeTmp'
make: *** [Makefile:127: cmTC_3c8e9/fast] Error 2


Source file was:
int main() { return 0; }
